2026-01-22 00:30:36,092 | INFO    | bot | Bot starting… WEBAPP_URL=https://cfaa0be4e823.ngrok-free.app BACKEND_URL=https://cfaa0be4e823.ngrok-free.app
2026-01-22 00:30:36,092 | INFO    | aiogram.dispatcher | Start polling
2026-01-22 00:30:36,524 | INFO    | aiogram.dispatcher | Run polling for bot @techreds_bot id=7320198123 - 'DB'
2026-01-22 00:30:41,161 | INFO    | __main__ | → cmd_start()
2026-01-22 00:30:41,165 | INFO    | bot | /start from tg_id=747937058 username=baks1d
2026-01-22 00:30:41,421 | ERROR   | bot | Failed to create backend session
Traceback (most recent call last):
  File "/Users/macintosh/PycharmProjects/.venv/lib/python3.10/site-packages/aiohttp/connector.py", line 1080, in _wrap_create_connection
    return await self._loop.create_connection(*args, **kwargs, sock=sock)
  File "/Library/Frameworks/Python.framework/Versions/3.10/lib/python3.10/asyncio/base_events.py", line 1103, in create_connection
    transport, protocol = await self._create_connection_transport(
  File "/Library/Frameworks/Python.framework/Versions/3.10/lib/python3.10/asyncio/base_events.py", line 1133, in _create_connection_transport
    await waiter
  File "/Library/Frameworks/Python.framework/Versions/3.10/lib/python3.10/asyncio/sslproto.py", line 534, in data_received
    ssldata, appdata = self._sslpipe.feed_ssldata(data)
  File "/Library/Frameworks/Python.framework/Versions/3.10/lib/python3.10/asyncio/sslproto.py", line 188, in feed_ssldata
    self._sslobj.do_handshake()
  File "/Library/Frameworks/Python.framework/Versions/3.10/lib/python3.10/ssl.py", line 975, in do_handshake
    self._sslobj.do_handshake()
ssl.SSLCertVerificationError: [SSL: CERTIFICATE_VERIFY_FAILED] certificate verify failed: unable to get local issuer certificate (_ssl.c:1007)

The above exception was the direct cause of the following exception:

Traceback (most recent call last):
  File "/Users/macintosh/Desktop/fixed_project_fixed_v3/bot/bot.py", line 65, in cmd_start
    data = await backend_start_session(user)
  File "/Users/macintosh/Desktop/fixed_project_fixed_v3/bot/bot.py", line 45, in backend_start_session
    async with session.post(
  File "/Users/macintosh/PycharmProjects/.venv/lib/python3.10/site-packages/aiohttp/client.py", line 1353, in __aenter__
    self._resp = await self._coro
  File "/Users/macintosh/PycharmProjects/.venv/lib/python3.10/site-packages/aiohttp/client.py", line 657, in _request
    conn = await self._connector.connect(
  File "/Users/macintosh/PycharmProjects/.venv/lib/python3.10/site-packages/aiohttp/connector.py", line 564, in connect
    proto = await self._create_connection(req, traces, timeout)
  File "/Users/macintosh/PycharmProjects/.venv/lib/python3.10/site-packages/aiohttp/connector.py", line 975, in _create_connection
    _, proto = await self._create_direct_connection(req, traces, timeout)
  File "/Users/macintosh/PycharmProjects/.venv/lib/python3.10/site-packages/aiohttp/connector.py", line 1350, in _create_direct_connection
    raise last_exc
  File "/Users/macintosh/PycharmProjects/.venv/lib/python3.10/site-packages/aiohttp/connector.py", line 1319, in _create_direct_connection
    transp, proto = await self._wrap_create_connection(
  File "/Users/macintosh/PycharmProjects/.venv/lib/python3.10/site-packages/aiohttp/connector.py", line 1082, in _wrap_create_connection
    raise ClientConnectorCertificateError(req.connection_key, exc) from exc
aiohttp.client_exceptions.ClientConnectorCertificateError: Cannot connect to host cfaa0be4e823.ngrok-free.app:443 ssl:True [SSLCertVerificationError: (1, '[SSL: CERTIFICATE_VERIFY_FAILED] certificate verify failed: unable to get local issuer certificate (_ssl.c:1007)')]
2026-01-22 00:30:41,864 | INFO    | __main__ | ← cmd_start() 702.4ms
2026-01-22 00:30:41,868 | INFO    | aiogram.event | Update id=211697834 is handled. Duration 708 ms by bot id=7320198123
2026-01-22 00:33:19,146 | WARNING | aiogram.dispatcher | Received SIGINT signal
2026-01-22 00:33:19,149 | INFO    | aiogram.dispatcher | Polling stopped for bot @techreds_bot id=7320198123 - 'DB'
2026-01-22 00:33:19,149 | INFO    | aiogram.dispatcher | Polling stopped
2026-01-22 00:33:24,982 | INFO    | bot | Bot starting… WEBAPP_URL=https://cfaa0be4e823.ngrok-free.app BACKEND_URL=https://cfaa0be4e823.ngrok-free.app
2026-01-22 00:33:24,983 | INFO    | aiogram.dispatcher | Start polling
2026-01-22 00:33:25,223 | INFO    | aiogram.dispatcher | Run polling for bot @techreds_bot id=7320198123 - 'DB'
2026-01-22 00:33:29,747 | INFO    | __main__ | → cmd_start()
2026-01-22 00:33:29,748 | INFO    | bot | /start from tg_id=747937058 username=baks1d
2026-01-22 00:33:29,749 | ERROR   | bot | Failed to create backend session
Traceback (most recent call last):
  File "/Users/macintosh/Desktop/fixed_project_fixed_v3/bot/bot.py", line 57, in cmd_start
    data = await backend_start_session(user)
  File "/Users/macintosh/Desktop/fixed_project_fixed_v3/bot/bot.py", line 45, in backend_start_session
    async with session.post(url, json=payload, headers=headers, ssl=False) as resp:
NameError: name 'headers' is not defined
2026-01-22 00:33:30,072 | INFO    | __main__ | ← cmd_start() 325.3ms
2026-01-22 00:33:30,072 | INFO    | aiogram.event | Update id=211697835 is handled. Duration 330 ms by bot id=7320198123
2026-01-22 00:34:37,981 | WARNING | aiogram.dispatcher | Received SIGINT signal
2026-01-22 00:34:37,984 | INFO    | aiogram.dispatcher | Polling stopped for bot @techreds_bot id=7320198123 - 'DB'
2026-01-22 00:34:37,984 | INFO    | aiogram.dispatcher | Polling stopped
2026-01-22 00:34:43,692 | INFO    | bot | Bot starting… WEBAPP_URL=https://cfaa0be4e823.ngrok-free.app BACKEND_URL=https://cfaa0be4e823.ngrok-free.app
2026-01-22 00:34:43,693 | INFO    | aiogram.dispatcher | Start polling
2026-01-22 00:34:44,124 | INFO    | aiogram.dispatcher | Run polling for bot @techreds_bot id=7320198123 - 'DB'
2026-01-22 00:34:44,215 | INFO    | __main__ | → cmd_start()
2026-01-22 00:34:44,215 | INFO    | bot | /start from tg_id=747937058 username=baks1d
2026-01-22 00:34:45,178 | INFO    | __main__ | ← cmd_start() 962.9ms
2026-01-22 00:34:45,178 | INFO    | aiogram.event | Update id=211697836 is handled. Duration 963 ms by bot id=7320198123
2026-01-22 00:55:57,403 | WARNING | aiogram.dispatcher | Received SIGINT signal
2026-01-22 00:55:57,406 | INFO    | aiogram.dispatcher | Polling stopped for bot @techreds_bot id=7320198123 - 'DB'
2026-01-22 00:55:57,407 | INFO    | aiogram.dispatcher | Polling stopped
